Started by user [8mha:////4PKOWJyeFSbY0O+f0A/J/0rXoTIzbnSqq2PB2vosPsaoAAAAnR+LCAAAAAAAAP9b85aBtbiIQTGjNKU4P08vOT+vOD8nVc83PyU1x6OyILUoJzMv2y+/JJUBAhiZGBgqihhk0NSjKDWzXb3RdlLBUSYGJk8GtpzUvPSSDB8G5tKinBIGIZ+sxLJE/ZzEvHT94JKizLx0a6BxUmjGOUNodHsLgAzBEgZB/dLi1CL9ssySkvyizPzEgkwAxWsLYcYAAAA=[0mVittorio Apicella
[Sat Jan 17 15:53:29 UTC 2026] Starting branch indexing...
[8mha:////4G93r7gwJd8cF2biP1p7HOjuK7fg6lSBGHhcm1twx32MAAAAhB+LCAAAAAAAAP9b85aBtbiIwSa/KF0vKzUvOzOvODlTryCnNB3I0kvPLMkoTYpPKkrMS86IL84vLUpO1XPPLPEoTXLOzyvOz0n1yy9JZYAARiYGRi8GzpLM3NTiksTcgooiBqmM0pTi/Dy9ZIhiPayaGCoKgPTsMytjAwGkQLZ+jgAAAA==[0mConnecting to https://api.github.com using vittorioapi91/******
Examining [8mha:////4M8wmxdJsHX/pYaYp9JvSNyXj1t7fghdtznncf6gsx05AAAArh+LCAAAAAAAAP9djLENwjAQRY8gGIASZQVi0SABSkUDUkTDBAYc2+D4rPMlCmuwBjQMwTjsQFA6XvNf89/zA6NIkJr6HNFnJ/QRncq2t6DIWX/dI6tF/njl9/BOINnB2Cmv2RQwrMkxTIqLbKRw0mtxYLJer1uC6V9u0+8vBj2DBKANnaQMwjCHuBJCWzb1sXtVorHMSBZlsMu5sL4kOQtOcolUfQGt3rlrtAAAAA==[0mvittorioapi91/infra-platform

  Getting remote pull requests...

  Checking branches...

  Getting remote branches...

    Checking branch [8mha:////4NH/2hNJOK9CE3munwhidF7aaZ+MIv3UKPiwJIDB8d32AAAAtB+LCAAAAAAAAP9djL0NwjAQRo/wMwAlYgVi0SAFlIoGpIiGCQwY+8CxrfMlCmuwBjQMwTjsQFA6XvO95nvPDwwjwdRUp+hdevQueqvSzS0osuiuO89qkT9e+T28E0i2MLLKaTYF9CuyDOPiImsprHRa7JnQ6VVDMPnLrbv9xaCjlwA0oZUBQ2aYQ1wKoZFNdWhfpaiR2RN6GTCbC3RnkrNgJZ89lYJJKVFKdF9Tyep5vgAAAA==[0mmain
      ‘Jenkinsfile.infra-platform’ found
    Met criteria
No changes detected: main (still at 52fe1f0c306eea53b2862d14ea324939ba6eb10c)

    Checking branch [8mha:////4FT4xEblZLj+cytAnso3eWQEvzKjc4v3XauxUfGOFWbOAAAAth+LCAAAAAAAAP9djTsOwjAQRJcgoKdEXIGsaJD4pKIBKaLhBAYc2+DY1noThWtwDWg4BMfhDgTRMc1M89483tCLBGNdnaJ36dG76K1MN9cgyRp32XmWs+z+zG7hlUCyhb6VTrHOoVuRZRjmZ1ELtMIp3DMZp5YNwehPt/71Vwa/dBKAJrRjwLDSzCEuEJVhXR1aqsTaMHsyXgQzn6JxBYlJsIILTyUySYmRhWrvPhIT15bBAAAA[0mstaging
      ‘Jenkinsfile.infra-platform’ found
    Met criteria
Changes detected: staging (2e0824343e49acd5b57da3915ff7686a79d670dd → 418407ef65b79c62c72068857f1bb21d4991fd3e)
Scheduled build for branch: staging

  2 branches were processed

  Checking pull-requests...

  0 pull requests were processed

Finished examining vittorioapi91/infra-platform

[Sat Jan 17 15:53:31 UTC 2026] Finished branch indexing. Indexing took 1.6 sec
Finished: SUCCESS
