[2026-01-19 02:00:00] Starting Jenkins workspace cleanup...
Jenkins Workspace Cleanup
========================
Workspace directory: /Users/Snake91/CursorProjects/infra-platform/jenkins/data/workspace
Keep workspaces from last 1 days
Keep last 3 workspaces per job
Dry run: false

⚠️  PROTECTED (will NOT be deleted):
   - Docker images (all images, including :base images)
   - Pip caches (Docker BuildKit cache and host pip caches)

Total workspace size before cleanup:  28G

Removing old workspace: DEV-6_trading_agent-fundamentals
  Deleting: /Users/Snake91/CursorProjects/infra-platform/jenkins/data/workspace/DEV-6_trading_agent-fundamentals ( 14G)
Removing old workspace: DEV-6_trading_agent-fundamentals@2
  Deleting: /Users/Snake91/CursorProjects/infra-platform/jenkins/data/workspace/DEV-6_trading_agent-fundamentals@2 ( 14G)

Cleaning duplicate/old workspace versions per job...
Job 'infra-platform': Found 4 workspaces, keeping last 3
  Deleting: /Users/Snake91/CursorProjects/infra-platform/jenkins/data/workspace/infra-platform (  0B)
rm: /Users/Snake91/CursorProjects/infra-platform/jenkins/data/workspace/infra-platform: Permission denied
[2026-01-20 02:00:00] Starting Jenkins workspace cleanup...
Jenkins Workspace Cleanup
========================
Workspace directory: /Users/Snake91/CursorProjects/infra-platform/jenkins/data/workspace
Keep workspaces from last 1 days
Keep last 3 workspaces per job
Dry run: false

⚠️  PROTECTED (will NOT be deleted):
   - Docker images (all images, including :base images)
   - Pip caches (Docker BuildKit cache and host pip caches)

Total workspace size before cleanup:  14G

Removing old workspace: DEV-6_trading_agent-fundamentals
  Deleting: /Users/Snake91/CursorProjects/infra-platform/jenkins/data/workspace/DEV-6_trading_agent-fundamentals ( 14G)
Removing old workspace: TradingPythonAgent_main
  Deleting: /Users/Snake91/CursorProjects/infra-platform/jenkins/data/workspace/TradingPythonAgent_main ( 80K)
Removing old workspace: infra-platform_staging
  Deleting: /Users/Snake91/CursorProjects/infra-platform/jenkins/data/workspace/infra-platform_staging (133M)

Cleaning duplicate/old workspace versions per job...

Cleaning virtual environments from all workspaces...

Cleaning build artifacts from all workspaces...

Cleaning Python cache files (excluding pip caches)...

Protecting pip caches...

Protecting Docker images...

Total workspace size after cleanup: 4.0K

Cleanup completed!

Note: Docker images and pip caches remain untouched and available for future builds.
[2026-01-20 02:00:13] Cleanup finished with exit code: 0
---
[2026-01-21 02:00:24] Starting Jenkins workspace cleanup...
Jenkins Workspace Cleanup
========================
Workspace directory: /Users/Snake91/CursorProjects/infra-platform/jenkins/data/workspace
Keep workspaces from last 1 days
Keep last 3 workspaces per job
Dry run: false

⚠️  PROTECTED (will NOT be deleted):
   - Docker images (all images, including :base images)
   - Pip caches (Docker BuildKit cache and host pip caches)

Total workspace size before cleanup: 4.0K


Cleaning duplicate/old workspace versions per job...

Cleaning virtual environments from all workspaces...

Cleaning build artifacts from all workspaces...

Cleaning Python cache files (excluding pip caches)...

Protecting pip caches...

Protecting Docker images...

Total workspace size after cleanup: 4.0K

Cleanup completed!

Note: Docker images and pip caches remain untouched and available for future builds.
[2026-01-21 02:00:24] Cleanup finished with exit code: 0
---
[2026-01-22 02:00:03] Starting Jenkins workspace cleanup...
Jenkins Workspace Cleanup
========================
Workspace directory: /Users/Snake91/CursorProjects/infra-platform/jenkins/data/workspace
Keep workspaces from last 1 days
Keep last 3 workspaces per job
Dry run: false

⚠️  PROTECTED (will NOT be deleted):
   - Docker images (all images, including :base images)
   - Pip caches (Docker BuildKit cache and host pip caches)

Total workspace size before cleanup:  14G

Removing old workspace: DEV-6_trading_agent-fundamentals
  Deleting: /Users/Snake91/CursorProjects/infra-platform/jenkins/data/workspace/DEV-6_trading_agent-fundamentals ( 14G)

Cleaning duplicate/old workspace versions per job...

Cleaning virtual environments from all workspaces...

Cleaning build artifacts from all workspaces...

Cleaning Python cache files (excluding pip caches)...

Protecting pip caches...

Protecting Docker images...

Total workspace size after cleanup: 4.0K

Cleanup completed!

Note: Docker images and pip caches remain untouched and available for future builds.
[2026-01-22 02:00:17] Cleanup finished with exit code: 0
---
[2026-01-23 02:00:01] Starting Jenkins workspace cleanup...
Jenkins Workspace Cleanup
========================
Workspace directory: /Users/Snake91/CursorProjects/infra-platform/jenkins/data/workspace
Keep workspaces from last 1 days
Keep last 3 workspaces per job
Dry run: false

⚠️  PROTECTED (will NOT be deleted):
   - Docker images (all images, including :base images)
   - Pip caches (Docker BuildKit cache and host pip caches)

Total workspace size before cleanup: 4.0K


Cleaning duplicate/old workspace versions per job...

Cleaning virtual environments from all workspaces...

Cleaning build artifacts from all workspaces...

Cleaning Python cache files (excluding pip caches)...

Protecting pip caches...

Protecting Docker images...

Total workspace size after cleanup: 4.0K

Cleanup completed!

Note: Docker images and pip caches remain untouched and available for future builds.
[2026-01-23 02:00:01] Cleanup finished with exit code: 0
---
[2026-01-27 02:00:02] Starting Jenkins workspace cleanup...
Jenkins Workspace Cleanup
========================
Workspace directory: /Users/Snake91/CursorProjects/infra-platform/jenkins/data/workspace
Keep workspaces from last 1 days
Keep last 3 workspaces per job
Dry run: false

⚠️  PROTECTED (will NOT be deleted):
   - Docker images (all images, including :base images)
   - Pip caches (Docker BuildKit cache and host pip caches)

Error: Workspace directory not found: /Users/Snake91/CursorProjects/infra-platform/jenkins/data/workspace
[2026-01-28 02:00:00] Starting Jenkins workspace cleanup...
Jenkins Workspace Cleanup
========================
Workspace directory: /Users/Snake91/CursorProjects/infra-platform/jenkins/data/workspace
Keep workspaces from last 1 days
Keep last 3 workspaces per job
Dry run: false

⚠️  PROTECTED (will NOT be deleted):
   - Docker images (all images, including :base images)
   - Pip caches (Docker BuildKit cache and host pip caches)

Error: Workspace directory not found: /Users/Snake91/CursorProjects/infra-platform/jenkins/data/workspace
[2026-01-29 02:00:02] Starting Jenkins workspace cleanup...
Jenkins Workspace Cleanup
========================
Workspace directory: /Users/Snake91/CursorProjects/infra-platform/jenkins/data/workspace
Keep workspaces from last 1 days
Keep last 3 workspaces per job
Dry run: false

⚠️  PROTECTED (will NOT be deleted):
   - Docker images (all images, including :base images)
   - Pip caches (Docker BuildKit cache and host pip caches)

Error: Workspace directory not found: /Users/Snake91/CursorProjects/infra-platform/jenkins/data/workspace
[2026-01-30 02:00:00] Starting Jenkins workspace cleanup...
Jenkins Workspace Cleanup
========================
Workspace directory: /Users/Snake91/CursorProjects/infra-platform/jenkins/data/workspace
Keep workspaces from last 1 days
Keep last 3 workspaces per job
Dry run: false

⚠️  PROTECTED (will NOT be deleted):
   - Docker images (all images, including :base images)
   - Pip caches (Docker BuildKit cache and host pip caches)

Error: Workspace directory not found: /Users/Snake91/CursorProjects/infra-platform/jenkins/data/workspace
[2026-01-31 02:00:01] Starting Jenkins workspace cleanup...
Jenkins Workspace Cleanup
========================
Workspace directory: /Users/Snake91/CursorProjects/infra-platform/jenkins/data/workspace
Keep workspaces from last 1 days
Keep last 3 workspaces per job
Dry run: false

⚠️  PROTECTED (will NOT be deleted):
   - Docker images (all images, including :base images)
   - Pip caches (Docker BuildKit cache and host pip caches)

Error: Workspace directory not found: /Users/Snake91/CursorProjects/infra-platform/jenkins/data/workspace
[2026-02-01 02:00:03] Starting Jenkins workspace cleanup...
Jenkins Workspace Cleanup
========================
Workspace directory: /Users/Snake91/CursorProjects/infra-platform/jenkins/data/workspace
Keep workspaces from last 1 days
Keep last 3 workspaces per job
Dry run: false

⚠️  PROTECTED (will NOT be deleted):
   - Docker images (all images, including :base images)
   - Pip caches (Docker BuildKit cache and host pip caches)

Error: Workspace directory not found: /Users/Snake91/CursorProjects/infra-platform/jenkins/data/workspace
[2026-02-02 02:00:00] Starting Jenkins workspace cleanup...
Jenkins Workspace Cleanup
========================
Workspace directory: /Users/Snake91/CursorProjects/infra-platform/jenkins/data/workspace
Keep workspaces from last 1 days
Keep last 3 workspaces per job
Dry run: false

⚠️  PROTECTED (will NOT be deleted):
   - Docker images (all images, including :base images)
   - Pip caches (Docker BuildKit cache and host pip caches)

Error: Workspace directory not found: /Users/Snake91/CursorProjects/infra-platform/jenkins/data/workspace
[2026-02-03 02:00:02] Starting Jenkins workspace cleanup...
Jenkins Workspace Cleanup
========================
Workspace directory: /Users/Snake91/CursorProjects/infra-platform/jenkins/data/workspace
Keep workspaces from last 1 days
Keep last 3 workspaces per job
Dry run: false

⚠️  PROTECTED (will NOT be deleted):
   - Docker images (all images, including :base images)
   - Pip caches (Docker BuildKit cache and host pip caches)

Error: Workspace directory not found: /Users/Snake91/CursorProjects/infra-platform/jenkins/data/workspace
[2026-02-04 03:00:03] Starting Jenkins workspace cleanup...
Jenkins Workspace Cleanup
========================
Workspace directory: /Users/Snake91/CursorProjects/infra-platform/jenkins/data/workspace
Keep workspaces from last 1 days
Keep last 3 workspaces per job
Dry run: false

⚠️  PROTECTED (will NOT be deleted):
   - Docker images (all images, including :base images)
   - Pip caches (Docker BuildKit cache and host pip caches)

Error: Workspace directory not found: /Users/Snake91/CursorProjects/infra-platform/jenkins/data/workspace
[2026-02-05 03:00:03] Starting Jenkins workspace cleanup...
Jenkins Workspace Cleanup
========================
Workspace directory: /Users/Snake91/CursorProjects/infra-platform/jenkins/data/workspace
Keep workspaces from last 1 days
Keep last 3 workspaces per job
Dry run: false

⚠️  PROTECTED (will NOT be deleted):
   - Docker images (all images, including :base images)
   - Pip caches (Docker BuildKit cache and host pip caches)

Error: Workspace directory not found: /Users/Snake91/CursorProjects/infra-platform/jenkins/data/workspace
[2026-02-06 03:00:04] Starting Jenkins workspace cleanup...
Jenkins Workspace Cleanup
========================
Workspace directory: /Users/Snake91/CursorProjects/infra-platform/jenkins/data/workspace
Keep workspaces from last 1 days
Keep last 3 workspaces per job
Dry run: false

⚠️  PROTECTED (will NOT be deleted):
   - Docker images (all images, including :base images)
   - Pip caches (Docker BuildKit cache and host pip caches)

Error: Workspace directory not found: /Users/Snake91/CursorProjects/infra-platform/jenkins/data/workspace
[2026-02-07 03:00:01] Starting Jenkins workspace cleanup...
Jenkins Workspace Cleanup
========================
Workspace directory: /Users/Snake91/CursorProjects/infra-platform/jenkins/data/workspace
Keep workspaces from last 1 days
Keep last 3 workspaces per job
Dry run: false

⚠️  PROTECTED (will NOT be deleted):
   - Docker images (all images, including :base images)
   - Pip caches (Docker BuildKit cache and host pip caches)

Error: Workspace directory not found: /Users/Snake91/CursorProjects/infra-platform/jenkins/data/workspace
[2026-02-08 02:00:03] Starting Jenkins workspace cleanup...
Jenkins Workspace Cleanup
========================
Workspace directory: /Users/Snake91/CursorProjects/infra-platform/jenkins/data/workspace
Keep workspaces from last 1 days
Keep last 3 workspaces per job
Dry run: false

⚠️  PROTECTED (will NOT be deleted):
   - Docker images (all images, including :base images)
   - Pip caches (Docker BuildKit cache and host pip caches)

Error: Workspace directory not found: /Users/Snake91/CursorProjects/infra-platform/jenkins/data/workspace
[2026-02-09 02:00:04] Starting Jenkins workspace cleanup...
Jenkins Workspace Cleanup
========================
Workspace directory: /Users/Snake91/CursorProjects/infra-platform/jenkins/data/workspace
Keep workspaces from last 1 days
Keep last 3 workspaces per job
Dry run: false

⚠️  PROTECTED (will NOT be deleted):
   - Docker images (all images, including :base images)
   - Pip caches (Docker BuildKit cache and host pip caches)

Error: Workspace directory not found: /Users/Snake91/CursorProjects/infra-platform/jenkins/data/workspace
[2026-02-10 02:00:04] Starting Jenkins workspace cleanup...
Jenkins Workspace Cleanup
========================
Workspace directory: /Users/Snake91/CursorProjects/infra-platform/jenkins/data/workspace
Keep workspaces from last 1 days
Keep last 3 workspaces per job
Dry run: false

⚠️  PROTECTED (will NOT be deleted):
   - Docker images (all images, including :base images)
   - Pip caches (Docker BuildKit cache and host pip caches)

Error: Workspace directory not found: /Users/Snake91/CursorProjects/infra-platform/jenkins/data/workspace
[2026-02-11 02:00:02] Starting Jenkins workspace cleanup...
Jenkins Workspace Cleanup
========================
Workspace directory: /Users/Snake91/CursorProjects/infra-platform/jenkins/data/workspace
Keep workspaces from last 1 days
Keep last 3 workspaces per job
Dry run: false

⚠️  PROTECTED (will NOT be deleted):
   - Docker images (all images, including :base images)
   - Pip caches (Docker BuildKit cache and host pip caches)

Error: Workspace directory not found: /Users/Snake91/CursorProjects/infra-platform/jenkins/data/workspace
[2026-02-12 02:00:02] Starting Jenkins workspace cleanup...
Jenkins Workspace Cleanup
========================
Workspace directory: /Users/Snake91/CursorProjects/infra-platform/jenkins/data/workspace
Keep workspaces from last 1 days
Keep last 3 workspaces per job
Dry run: false

⚠️  PROTECTED (will NOT be deleted):
   - Docker images (all images, including :base images)
   - Pip caches (Docker BuildKit cache and host pip caches)

Error: Workspace directory not found: /Users/Snake91/CursorProjects/infra-platform/jenkins/data/workspace
[2026-02-13 02:00:02] Starting Jenkins workspace cleanup...
Jenkins Workspace Cleanup
========================
Workspace directory: /Users/Snake91/CursorProjects/infra-platform/jenkins/data/workspace
Keep workspaces from last 1 days
Keep last 3 workspaces per job
Dry run: false

⚠️  PROTECTED (will NOT be deleted):
   - Docker images (all images, including :base images)
   - Pip caches (Docker BuildKit cache and host pip caches)

Error: Workspace directory not found: /Users/Snake91/CursorProjects/infra-platform/jenkins/data/workspace
[2026-02-14 02:00:02] Starting Jenkins workspace cleanup...
Jenkins Workspace Cleanup
========================
Workspace directory: /Users/Snake91/CursorProjects/infra-platform/jenkins/data/workspace
Keep workspaces from last 1 days
Keep last 3 workspaces per job
Dry run: false

⚠️  PROTECTED (will NOT be deleted):
   - Docker images (all images, including :base images)
   - Pip caches (Docker BuildKit cache and host pip caches)

Error: Workspace directory not found: /Users/Snake91/CursorProjects/infra-platform/jenkins/data/workspace
[2026-02-15 02:00:03] Starting Jenkins workspace cleanup...
Jenkins Workspace Cleanup
========================
Workspace directory: /Users/Snake91/CursorProjects/infra-platform/jenkins/data/workspace
Keep workspaces from last 1 days
Keep last 3 workspaces per job
Dry run: false

⚠️  PROTECTED (will NOT be deleted):
   - Docker images (all images, including :base images)
   - Pip caches (Docker BuildKit cache and host pip caches)

Error: Workspace directory not found: /Users/Snake91/CursorProjects/infra-platform/jenkins/data/workspace
[2026-02-16 02:00:03] Starting Jenkins workspace cleanup...
Jenkins Workspace Cleanup
========================
Workspace directory: /Users/Snake91/CursorProjects/infra-platform/jenkins/data/workspace
Keep workspaces from last 1 days
Keep last 3 workspaces per job
Dry run: false

⚠️  PROTECTED (will NOT be deleted):
   - Docker images (all images, including :base images)
   - Pip caches (Docker BuildKit cache and host pip caches)

Error: Workspace directory not found: /Users/Snake91/CursorProjects/infra-platform/jenkins/data/workspace
[2026-02-17 02:05:02] Starting Jenkins workspace cleanup...
Jenkins Workspace Cleanup
========================
Workspace directory: /Users/Snake91/CursorProjects/infra-platform/jenkins/data/workspace
Keep workspaces from last 1 days
Keep last 3 workspaces per job
Dry run: false

⚠️  PROTECTED (will NOT be deleted):
   - Docker images (all images, including :base images)
   - Pip caches (Docker BuildKit cache and host pip caches)

Error: Workspace directory not found: /Users/Snake91/CursorProjects/infra-platform/jenkins/data/workspace
[2026-02-18 02:00:00] Starting Jenkins workspace cleanup...
Jenkins Workspace Cleanup
========================
Workspace directory: /Users/Snake91/CursorProjects/infra-platform/jenkins/data/workspace
Keep workspaces from last 1 days
Keep last 3 workspaces per job
Dry run: false

⚠️  PROTECTED (will NOT be deleted):
   - Docker images (all images, including :base images)
   - Pip caches (Docker BuildKit cache and host pip caches)

Error: Workspace directory not found: /Users/Snake91/CursorProjects/infra-platform/jenkins/data/workspace
[2026-02-19 02:00:04] Starting Jenkins workspace cleanup...
Jenkins Workspace Cleanup
========================
Workspace directory: /Users/Snake91/CursorProjects/infra-platform/jenkins/data/workspace
Keep workspaces from last 1 days
Keep last 3 workspaces per job
Dry run: false

⚠️  PROTECTED (will NOT be deleted):
   - Docker images (all images, including :base images)
   - Pip caches (Docker BuildKit cache and host pip caches)

Error: Workspace directory not found: /Users/Snake91/CursorProjects/infra-platform/jenkins/data/workspace
[2026-02-20 02:00:00] Starting Jenkins workspace cleanup...
Jenkins Workspace Cleanup
========================
Workspace directory: /Users/Snake91/CursorProjects/infra-platform/jenkins/data/workspace
Keep workspaces from last 1 days
Keep last 3 workspaces per job
Dry run: false

⚠️  PROTECTED (will NOT be deleted):
   - Docker images (all images, including :base images)
   - Pip caches (Docker BuildKit cache and host pip caches)

Error: Workspace directory not found: /Users/Snake91/CursorProjects/infra-platform/jenkins/data/workspace
[2026-02-21 02:00:00] Starting Jenkins workspace cleanup...
Jenkins Workspace Cleanup
========================
Workspace directory: /Users/Snake91/CursorProjects/infra-platform/jenkins/data/workspace
Keep workspaces from last 1 days
Keep last 3 workspaces per job
Dry run: false

⚠️  PROTECTED (will NOT be deleted):
   - Docker images (all images, including :base images)
   - Pip caches (Docker BuildKit cache and host pip caches)

Error: Workspace directory not found: /Users/Snake91/CursorProjects/infra-platform/jenkins/data/workspace
[2026-02-22 02:00:00] Starting Jenkins workspace cleanup...
Jenkins Workspace Cleanup
========================
Workspace directory: /Users/Snake91/CursorProjects/infra-platform/jenkins/data/workspace
Keep workspaces from last 1 days
Keep last 3 workspaces per job
Dry run: false

⚠️  PROTECTED (will NOT be deleted):
   - Docker images (all images, including :base images)
   - Pip caches (Docker BuildKit cache and host pip caches)

Error: Workspace directory not found: /Users/Snake91/CursorProjects/infra-platform/jenkins/data/workspace
[2026-02-23 02:00:05] Starting Jenkins workspace cleanup...
Jenkins Workspace Cleanup
========================
Workspace directory: /Users/Snake91/CursorProjects/infra-platform/jenkins/data/workspace
Keep workspaces from last 1 days
Keep last 3 workspaces per job
Dry run: false

⚠️  PROTECTED (will NOT be deleted):
   - Docker images (all images, including :base images)
   - Pip caches (Docker BuildKit cache and host pip caches)

Error: Workspace directory not found: /Users/Snake91/CursorProjects/infra-platform/jenkins/data/workspace
[2026-02-24 02:00:00] Starting Jenkins workspace cleanup...
Jenkins Workspace Cleanup
========================
Workspace directory: /Users/Snake91/CursorProjects/infra-platform/jenkins/data/workspace
Keep workspaces from last 1 days
Keep last 3 workspaces per job
Dry run: false

⚠️  PROTECTED (will NOT be deleted):
   - Docker images (all images, including :base images)
   - Pip caches (Docker BuildKit cache and host pip caches)

Error: Workspace directory not found: /Users/Snake91/CursorProjects/infra-platform/jenkins/data/workspace
[2026-02-25 02:00:00] Starting Jenkins workspace cleanup...
Jenkins Workspace Cleanup
========================
Workspace directory: /Users/Snake91/CursorProjects/infra-platform/jenkins/data/workspace
Keep workspaces from last 1 days
Keep last 3 workspaces per job
Dry run: false

⚠️  PROTECTED (will NOT be deleted):
   - Docker images (all images, including :base images)
   - Pip caches (Docker BuildKit cache and host pip caches)

Error: Workspace directory not found: /Users/Snake91/CursorProjects/infra-platform/jenkins/data/workspace
[2026-02-26 02:06:20] Starting Jenkins workspace cleanup...
Jenkins Workspace Cleanup
========================
Workspace directory: /Users/Snake91/CursorProjects/infra-platform/jenkins/data/workspace
Keep workspaces from last 1 days
Keep last 3 workspaces per job
Dry run: false

⚠️  PROTECTED (will NOT be deleted):
   - Docker images (all images, including :base images)
   - Pip caches (Docker BuildKit cache and host pip caches)

Error: Workspace directory not found: /Users/Snake91/CursorProjects/infra-platform/jenkins/data/workspace
[2026-02-27 02:00:04] Starting Jenkins workspace cleanup...
Jenkins Workspace Cleanup
========================
Workspace directory: /Users/Snake91/CursorProjects/infra-platform/jenkins/data/workspace
Keep workspaces from last 1 days
Keep last 3 workspaces per job
Dry run: false

⚠️  PROTECTED (will NOT be deleted):
   - Docker images (all images, including :base images)
   - Pip caches (Docker BuildKit cache and host pip caches)

Error: Workspace directory not found: /Users/Snake91/CursorProjects/infra-platform/jenkins/data/workspace
[2026-02-28 02:00:00] Starting Jenkins workspace cleanup...
Jenkins Workspace Cleanup
========================
Workspace directory: /Users/Snake91/CursorProjects/infra-platform/jenkins/data/workspace
Keep workspaces from last 1 days
Keep last 3 workspaces per job
Dry run: false

⚠️  PROTECTED (will NOT be deleted):
   - Docker images (all images, including :base images)
   - Pip caches (Docker BuildKit cache and host pip caches)

Error: Workspace directory not found: /Users/Snake91/CursorProjects/infra-platform/jenkins/data/workspace
[2026-03-01 02:00:00] Starting Jenkins workspace cleanup...
Jenkins Workspace Cleanup
========================
Workspace directory: /Users/Snake91/CursorProjects/infra-platform/jenkins/data/workspace
Keep workspaces from last 1 days
Keep last 3 workspaces per job
Dry run: false

⚠️  PROTECTED (will NOT be deleted):
   - Docker images (all images, including :base images)
   - Pip caches (Docker BuildKit cache and host pip caches)

Error: Workspace directory not found: /Users/Snake91/CursorProjects/infra-platform/jenkins/data/workspace
[2026-03-02 02:00:00] Starting Jenkins workspace cleanup...
Jenkins Workspace Cleanup
========================
Workspace directory: /Users/Snake91/CursorProjects/infra-platform/jenkins/data/workspace
Keep workspaces from last 1 days
Keep last 3 workspaces per job
Dry run: false

⚠️  PROTECTED (will NOT be deleted):
   - Docker images (all images, including :base images)
   - Pip caches (Docker BuildKit cache and host pip caches)

Error: Workspace directory not found: /Users/Snake91/CursorProjects/infra-platform/jenkins/data/workspace
[2026-03-03 02:00:03] Starting Jenkins workspace cleanup...
Jenkins Workspace Cleanup
========================
Workspace directory: /Users/Snake91/CursorProjects/infra-platform/jenkins/data/workspace
Keep workspaces from last 1 days
Keep last 3 workspaces per job
Dry run: false

⚠️  PROTECTED (will NOT be deleted):
   - Docker images (all images, including :base images)
   - Pip caches (Docker BuildKit cache and host pip caches)

Error: Workspace directory not found: /Users/Snake91/CursorProjects/infra-platform/jenkins/data/workspace
[2026-03-04 02:04:20] Starting Jenkins workspace cleanup...
Jenkins Workspace Cleanup
========================
Workspace directory: /Users/Snake91/CursorProjects/infra-platform/jenkins/data/workspace
Keep workspaces from last 1 days
Keep last 3 workspaces per job
Dry run: false

⚠️  PROTECTED (will NOT be deleted):
   - Docker images (all images, including :base images)
   - Pip caches (Docker BuildKit cache and host pip caches)

Error: Workspace directory not found: /Users/Snake91/CursorProjects/infra-platform/jenkins/data/workspace
[2026-03-05 02:00:00] Starting Jenkins workspace cleanup...
Jenkins Workspace Cleanup
========================
Workspace directory: /Users/Snake91/CursorProjects/infra-platform/jenkins/data/workspace
Keep workspaces from last 1 days
Keep last 3 workspaces per job
Dry run: false

⚠️  PROTECTED (will NOT be deleted):
   - Docker images (all images, including :base images)
   - Pip caches (Docker BuildKit cache and host pip caches)

Error: Workspace directory not found: /Users/Snake91/CursorProjects/infra-platform/jenkins/data/workspace
[2026-03-06 02:00:00] Starting Jenkins workspace cleanup...
Jenkins Workspace Cleanup
========================
Workspace directory: /Users/Snake91/CursorProjects/infra-platform/jenkins/data/workspace
Keep workspaces from last 1 days
Keep last 3 workspaces per job
Dry run: false

⚠️  PROTECTED (will NOT be deleted):
   - Docker images (all images, including :base images)
   - Pip caches (Docker BuildKit cache and host pip caches)

Error: Workspace directory not found: /Users/Snake91/CursorProjects/infra-platform/jenkins/data/workspace
[2026-03-07 02:00:01] Starting Jenkins workspace cleanup...
Jenkins Workspace Cleanup
========================
Workspace directory: /Users/Snake91/CursorProjects/infra-platform/jenkins/data/workspace
Keep workspaces from last 1 days
Keep last 3 workspaces per job
Dry run: false

⚠️  PROTECTED (will NOT be deleted):
   - Docker images (all images, including :base images)
   - Pip caches (Docker BuildKit cache and host pip caches)

Error: Workspace directory not found: /Users/Snake91/CursorProjects/infra-platform/jenkins/data/workspace
[2026-03-08 02:00:00] Starting Jenkins workspace cleanup...
Jenkins Workspace Cleanup
========================
Workspace directory: /Users/Snake91/CursorProjects/infra-platform/jenkins/data/workspace
Keep workspaces from last 1 days
Keep last 3 workspaces per job
Dry run: false

⚠️  PROTECTED (will NOT be deleted):
   - Docker images (all images, including :base images)
   - Pip caches (Docker BuildKit cache and host pip caches)

Error: Workspace directory not found: /Users/Snake91/CursorProjects/infra-platform/jenkins/data/workspace
[2026-03-09 02:00:00] Starting Jenkins workspace cleanup...
Jenkins Workspace Cleanup
========================
Workspace directory: /Users/Snake91/CursorProjects/infra-platform/jenkins/data/workspace
Keep workspaces from last 1 days
Keep last 3 workspaces per job
Dry run: false

⚠️  PROTECTED (will NOT be deleted):
   - Docker images (all images, including :base images)
   - Pip caches (Docker BuildKit cache and host pip caches)

Error: Workspace directory not found: /Users/Snake91/CursorProjects/infra-platform/jenkins/data/workspace
[2026-03-10 02:00:00] Starting Jenkins workspace cleanup...
Jenkins Workspace Cleanup
========================
Workspace directory: /Users/Snake91/CursorProjects/infra-platform/jenkins/data/workspace
Keep workspaces from last 1 days
Keep last 3 workspaces per job
Dry run: false

⚠️  PROTECTED (will NOT be deleted):
   - Docker images (all images, including :base images)
   - Pip caches (Docker BuildKit cache and host pip caches)

Error: Workspace directory not found: /Users/Snake91/CursorProjects/infra-platform/jenkins/data/workspace
[2026-03-11 02:00:04] Starting Jenkins workspace cleanup...
Jenkins Workspace Cleanup
========================
Workspace directory: /Users/Snake91/CursorProjects/infra-platform/jenkins/data/workspace
Keep workspaces from last 1 days
Keep last 3 workspaces per job
Dry run: false

⚠️  PROTECTED (will NOT be deleted):
   - Docker images (all images, including :base images)
   - Pip caches (Docker BuildKit cache and host pip caches)

Error: Workspace directory not found: /Users/Snake91/CursorProjects/infra-platform/jenkins/data/workspace
[2026-03-12 02:00:00] Starting Jenkins workspace cleanup...
Jenkins Workspace Cleanup
========================
Workspace directory: /Users/Snake91/CursorProjects/infra-platform/jenkins/data/workspace
Keep workspaces from last 1 days
Keep last 3 workspaces per job
Dry run: false

⚠️  PROTECTED (will NOT be deleted):
   - Docker images (all images, including :base images)
   - Pip caches (Docker BuildKit cache and host pip caches)

Error: Workspace directory not found: /Users/Snake91/CursorProjects/infra-platform/jenkins/data/workspace
[2026-03-13 02:00:02] Starting Jenkins workspace cleanup...
Jenkins Workspace Cleanup
========================
Workspace directory: /Users/Snake91/CursorProjects/infra-platform/jenkins/data/workspace
Keep workspaces from last 1 days
Keep last 3 workspaces per job
Dry run: false

⚠️  PROTECTED (will NOT be deleted):
   - Docker images (all images, including :base images)
   - Pip caches (Docker BuildKit cache and host pip caches)

Error: Workspace directory not found: /Users/Snake91/CursorProjects/infra-platform/jenkins/data/workspace
[2026-03-14 02:00:00] Starting Jenkins workspace cleanup...
Jenkins Workspace Cleanup
========================
Workspace directory: /Users/Snake91/CursorProjects/infra-platform/jenkins/data/workspace
Keep workspaces from last 1 days
Keep last 3 workspaces per job
Dry run: false

⚠️  PROTECTED (will NOT be deleted):
   - Docker images (all images, including :base images)
   - Pip caches (Docker BuildKit cache and host pip caches)

Error: Workspace directory not found: /Users/Snake91/CursorProjects/infra-platform/jenkins/data/workspace
[2026-03-15 02:00:03] Starting Jenkins workspace cleanup...
Jenkins Workspace Cleanup
========================
Workspace directory: /Users/Snake91/CursorProjects/infra-platform/jenkins/data/workspace
Keep workspaces from last 1 days
Keep last 3 workspaces per job
Dry run: false

⚠️  PROTECTED (will NOT be deleted):
   - Docker images (all images, including :base images)
   - Pip caches (Docker BuildKit cache and host pip caches)

Error: Workspace directory not found: /Users/Snake91/CursorProjects/infra-platform/jenkins/data/workspace
[2026-03-16 02:00:01] Starting Jenkins workspace cleanup...
Jenkins Workspace Cleanup
========================
Workspace directory: /Users/Snake91/CursorProjects/infra-platform/jenkins/data/workspace
Keep workspaces from last 1 days
Keep last 3 workspaces per job
Dry run: false

⚠️  PROTECTED (will NOT be deleted):
   - Docker images (all images, including :base images)
   - Pip caches (Docker BuildKit cache and host pip caches)

Error: Workspace directory not found: /Users/Snake91/CursorProjects/infra-platform/jenkins/data/workspace
[2026-03-17 02:00:00] Starting Jenkins workspace cleanup...
Jenkins Workspace Cleanup
========================
Workspace directory: /Users/Snake91/CursorProjects/infra-platform/jenkins/data/workspace
Keep workspaces from last 1 days
Keep last 3 workspaces per job
Dry run: false

⚠️  PROTECTED (will NOT be deleted):
   - Docker images (all images, including :base images)
   - Pip caches (Docker BuildKit cache and host pip caches)

Error: Workspace directory not found: /Users/Snake91/CursorProjects/infra-platform/jenkins/data/workspace
[2026-03-18 02:00:00] Starting Jenkins workspace cleanup...
Jenkins Workspace Cleanup
========================
Workspace directory: /Users/Snake91/CursorProjects/infra-platform/jenkins/data/workspace
Keep workspaces from last 1 days
Keep last 3 workspaces per job
Dry run: false

⚠️  PROTECTED (will NOT be deleted):
   - Docker images (all images, including :base images)
   - Pip caches (Docker BuildKit cache and host pip caches)

Error: Workspace directory not found: /Users/Snake91/CursorProjects/infra-platform/jenkins/data/workspace
[2026-03-19 02:00:04] Starting Jenkins workspace cleanup...
Jenkins Workspace Cleanup
========================
Workspace directory: /Users/Snake91/CursorProjects/infra-platform/jenkins/data/workspace
Keep workspaces from last 1 days
Keep last 3 workspaces per job
Dry run: false

⚠️  PROTECTED (will NOT be deleted):
   - Docker images (all images, including :base images)
   - Pip caches (Docker BuildKit cache and host pip caches)

Error: Workspace directory not found: /Users/Snake91/CursorProjects/infra-platform/jenkins/data/workspace
[2026-03-20 02:00:00] Starting Jenkins workspace cleanup...
Jenkins Workspace Cleanup
========================
Workspace directory: /Users/Snake91/CursorProjects/infra-platform/jenkins/data/workspace
Keep workspaces from last 1 days
Keep last 3 workspaces per job
Dry run: false

⚠️  PROTECTED (will NOT be deleted):
   - Docker images (all images, including :base images)
   - Pip caches (Docker BuildKit cache and host pip caches)

Error: Workspace directory not found: /Users/Snake91/CursorProjects/infra-platform/jenkins/data/workspace
[2026-03-21 02:00:05] Starting Jenkins workspace cleanup...
Jenkins Workspace Cleanup
========================
Workspace directory: /Users/Snake91/CursorProjects/infra-platform/jenkins/data/workspace
Keep workspaces from last 1 days
Keep last 3 workspaces per job
Dry run: false

⚠️  PROTECTED (will NOT be deleted):
   - Docker images (all images, including :base images)
   - Pip caches (Docker BuildKit cache and host pip caches)

Error: Workspace directory not found: /Users/Snake91/CursorProjects/infra-platform/jenkins/data/workspace
[2026-03-22 02:00:05] Starting Jenkins workspace cleanup...
Jenkins Workspace Cleanup
========================
Workspace directory: /Users/Snake91/CursorProjects/infra-platform/jenkins/data/workspace
Keep workspaces from last 1 days
Keep last 3 workspaces per job
Dry run: false

⚠️  PROTECTED (will NOT be deleted):
   - Docker images (all images, including :base images)
   - Pip caches (Docker BuildKit cache and host pip caches)

Error: Workspace directory not found: /Users/Snake91/CursorProjects/infra-platform/jenkins/data/workspace
[2026-03-23 02:00:04] Starting Jenkins workspace cleanup...
Jenkins Workspace Cleanup
========================
Workspace directory: /Users/Snake91/CursorProjects/infra-platform/jenkins/data/workspace
Keep workspaces from last 1 days
Keep last 3 workspaces per job
Dry run: false

⚠️  PROTECTED (will NOT be deleted):
   - Docker images (all images, including :base images)
   - Pip caches (Docker BuildKit cache and host pip caches)

Error: Workspace directory not found: /Users/Snake91/CursorProjects/infra-platform/jenkins/data/workspace
[2026-03-24 02:00:00] Starting Jenkins workspace cleanup...
Jenkins Workspace Cleanup
========================
Workspace directory: /Users/Snake91/CursorProjects/infra-platform/jenkins/data/workspace
Keep workspaces from last 1 days
Keep last 3 workspaces per job
Dry run: false

⚠️  PROTECTED (will NOT be deleted):
   - Docker images (all images, including :base images)
   - Pip caches (Docker BuildKit cache and host pip caches)

Error: Workspace directory not found: /Users/Snake91/CursorProjects/infra-platform/jenkins/data/workspace
[2026-03-25 02:00:00] Starting Jenkins workspace cleanup...
Jenkins Workspace Cleanup
========================
Workspace directory: /Users/Snake91/CursorProjects/infra-platform/jenkins/data/workspace
Keep workspaces from last 1 days
Keep last 3 workspaces per job
Dry run: false

⚠️  PROTECTED (will NOT be deleted):
   - Docker images (all images, including :base images)
   - Pip caches (Docker BuildKit cache and host pip caches)

Error: Workspace directory not found: /Users/Snake91/CursorProjects/infra-platform/jenkins/data/workspace
[2026-03-26 02:00:03] Starting Jenkins workspace cleanup...
Jenkins Workspace Cleanup
========================
Workspace directory: /Users/Snake91/CursorProjects/infra-platform/jenkins/data/workspace
Keep workspaces from last 1 days
Keep last 3 workspaces per job
Dry run: false

⚠️  PROTECTED (will NOT be deleted):
   - Docker images (all images, including :base images)
   - Pip caches (Docker BuildKit cache and host pip caches)

Error: Workspace directory not found: /Users/Snake91/CursorProjects/infra-platform/jenkins/data/workspace
[2026-03-27 02:00:01] Starting Jenkins workspace cleanup...
Jenkins Workspace Cleanup
========================
Workspace directory: /Users/Snake91/CursorProjects/infra-platform/jenkins/data/workspace
Keep workspaces from last 1 days
Keep last 3 workspaces per job
Dry run: false

⚠️  PROTECTED (will NOT be deleted):
   - Docker images (all images, including :base images)
   - Pip caches (Docker BuildKit cache and host pip caches)

Error: Workspace directory not found: /Users/Snake91/CursorProjects/infra-platform/jenkins/data/workspace
[2026-03-28 02:00:00] Starting Jenkins workspace cleanup...
Jenkins Workspace Cleanup
========================
Workspace directory: /Users/Snake91/CursorProjects/infra-platform/jenkins/data/workspace
Keep workspaces from last 1 days
Keep last 3 workspaces per job
Dry run: false

⚠️  PROTECTED (will NOT be deleted):
   - Docker images (all images, including :base images)
   - Pip caches (Docker BuildKit cache and host pip caches)

Error: Workspace directory not found: /Users/Snake91/CursorProjects/infra-platform/jenkins/data/workspace
[2026-03-29 03:00:00] Starting Jenkins workspace cleanup...
Jenkins Workspace Cleanup
========================
Workspace directory: /Users/Snake91/CursorProjects/infra-platform/jenkins/data/workspace
Keep workspaces from last 1 days
Keep last 3 workspaces per job
Dry run: false

⚠️  PROTECTED (will NOT be deleted):
   - Docker images (all images, including :base images)
   - Pip caches (Docker BuildKit cache and host pip caches)

Error: Workspace directory not found: /Users/Snake91/CursorProjects/infra-platform/jenkins/data/workspace
[2026-03-30 02:00:03] Starting Jenkins workspace cleanup...
Jenkins Workspace Cleanup
========================
Workspace directory: /Users/Snake91/CursorProjects/infra-platform/jenkins/data/workspace
Keep workspaces from last 1 days
Keep last 3 workspaces per job
Dry run: false

⚠️  PROTECTED (will NOT be deleted):
   - Docker images (all images, including :base images)
   - Pip caches (Docker BuildKit cache and host pip caches)

Error: Workspace directory not found: /Users/Snake91/CursorProjects/infra-platform/jenkins/data/workspace
[2026-03-31 02:00:00] Starting Jenkins workspace cleanup...
Jenkins Workspace Cleanup
========================
Workspace directory: /Users/Snake91/CursorProjects/infra-platform/jenkins/data/workspace
Keep workspaces from last 1 days
Keep last 3 workspaces per job
Dry run: false

⚠️  PROTECTED (will NOT be deleted):
   - Docker images (all images, including :base images)
   - Pip caches (Docker BuildKit cache and host pip caches)

Error: Workspace directory not found: /Users/Snake91/CursorProjects/infra-platform/jenkins/data/workspace
[2026-04-01 02:00:05] Starting Jenkins workspace cleanup...
Jenkins Workspace Cleanup
========================
Workspace directory: /Users/Snake91/CursorProjects/infra-platform/jenkins/data/workspace
Keep workspaces from last 1 days
Keep last 3 workspaces per job
Dry run: false

⚠️  PROTECTED (will NOT be deleted):
   - Docker images (all images, including :base images)
   - Pip caches (Docker BuildKit cache and host pip caches)

Error: Workspace directory not found: /Users/Snake91/CursorProjects/infra-platform/jenkins/data/workspace
[2026-04-02 02:00:00] Starting Jenkins workspace cleanup...
Jenkins Workspace Cleanup
========================
Workspace directory: /Users/Snake91/CursorProjects/infra-platform/jenkins/data/workspace
Keep workspaces from last 1 days
Keep last 3 workspaces per job
Dry run: false

⚠️  PROTECTED (will NOT be deleted):
   - Docker images (all images, including :base images)
   - Pip caches (Docker BuildKit cache and host pip caches)

Error: Workspace directory not found: /Users/Snake91/CursorProjects/infra-platform/jenkins/data/workspace
[2026-04-03 02:00:05] Starting Jenkins workspace cleanup...
Jenkins Workspace Cleanup
========================
Workspace directory: /Users/Snake91/CursorProjects/infra-platform/jenkins/data/workspace
Keep workspaces from last 1 days
Keep last 3 workspaces per job
Dry run: false

⚠️  PROTECTED (will NOT be deleted):
   - Docker images (all images, including :base images)
   - Pip caches (Docker BuildKit cache and host pip caches)

Error: Workspace directory not found: /Users/Snake91/CursorProjects/infra-platform/jenkins/data/workspace
[2026-04-04 02:00:03] Starting Jenkins workspace cleanup...
Jenkins Workspace Cleanup
========================
Workspace directory: /Users/Snake91/CursorProjects/infra-platform/jenkins/data/workspace
Keep workspaces from last 1 days
Keep last 3 workspaces per job
Dry run: false

⚠️  PROTECTED (will NOT be deleted):
   - Docker images (all images, including :base images)
   - Pip caches (Docker BuildKit cache and host pip caches)

Error: Workspace directory not found: /Users/Snake91/CursorProjects/infra-platform/jenkins/data/workspace
[2026-04-05 02:00:02] Starting Jenkins workspace cleanup...
Jenkins Workspace Cleanup
========================
Workspace directory: /Users/Snake91/CursorProjects/infra-platform/jenkins/data/workspace
Keep workspaces from last 1 days
Keep last 3 workspaces per job
Dry run: false

⚠️  PROTECTED (will NOT be deleted):
   - Docker images (all images, including :base images)
   - Pip caches (Docker BuildKit cache and host pip caches)

Error: Workspace directory not found: /Users/Snake91/CursorProjects/infra-platform/jenkins/data/workspace
[2026-04-06 02:00:03] Starting Jenkins workspace cleanup...
Jenkins Workspace Cleanup
========================
Workspace directory: /Users/Snake91/CursorProjects/infra-platform/jenkins/data/workspace
Keep workspaces from last 1 days
Keep last 3 workspaces per job
Dry run: false

⚠️  PROTECTED (will NOT be deleted):
   - Docker images (all images, including :base images)
   - Pip caches (Docker BuildKit cache and host pip caches)

Error: Workspace directory not found: /Users/Snake91/CursorProjects/infra-platform/jenkins/data/workspace
[2026-04-07 02:00:05] Starting Jenkins workspace cleanup...
Jenkins Workspace Cleanup
========================
Workspace directory: /Users/Snake91/CursorProjects/infra-platform/jenkins/data/workspace
Keep workspaces from last 1 days
Keep last 3 workspaces per job
Dry run: false

⚠️  PROTECTED (will NOT be deleted):
   - Docker images (all images, including :base images)
   - Pip caches (Docker BuildKit cache and host pip caches)

Error: Workspace directory not found: /Users/Snake91/CursorProjects/infra-platform/jenkins/data/workspace
[2026-04-08 02:00:05] Starting Jenkins workspace cleanup...
Jenkins Workspace Cleanup
========================
Workspace directory: /Users/Snake91/CursorProjects/infra-platform/jenkins/data/workspace
Keep workspaces from last 1 days
Keep last 3 workspaces per job
Dry run: false

⚠️  PROTECTED (will NOT be deleted):
   - Docker images (all images, including :base images)
   - Pip caches (Docker BuildKit cache and host pip caches)

Error: Workspace directory not found: /Users/Snake91/CursorProjects/infra-platform/jenkins/data/workspace
[2026-04-09 02:00:05] Starting Jenkins workspace cleanup...
Jenkins Workspace Cleanup
========================
Workspace directory: /Users/Snake91/CursorProjects/infra-platform/jenkins/data/workspace
Keep workspaces from last 1 days
Keep last 3 workspaces per job
Dry run: false

⚠️  PROTECTED (will NOT be deleted):
   - Docker images (all images, including :base images)
   - Pip caches (Docker BuildKit cache and host pip caches)

Error: Workspace directory not found: /Users/Snake91/CursorProjects/infra-platform/jenkins/data/workspace
[2026-04-10 02:00:02] Starting Jenkins workspace cleanup...
Jenkins Workspace Cleanup
========================
Workspace directory: /Users/Snake91/CursorProjects/infra-platform/jenkins/data/workspace
Keep workspaces from last 1 days
Keep last 3 workspaces per job
Dry run: false

⚠️  PROTECTED (will NOT be deleted):
   - Docker images (all images, including :base images)
   - Pip caches (Docker BuildKit cache and host pip caches)

Error: Workspace directory not found: /Users/Snake91/CursorProjects/infra-platform/jenkins/data/workspace
[2026-04-11 02:00:03] Starting Jenkins workspace cleanup...
Jenkins Workspace Cleanup
========================
Workspace directory: /Users/Snake91/CursorProjects/infra-platform/jenkins/data/workspace
Keep workspaces from last 1 days
Keep last 3 workspaces per job
Dry run: false

⚠️  PROTECTED (will NOT be deleted):
   - Docker images (all images, including :base images)
   - Pip caches (Docker BuildKit cache and host pip caches)

Error: Workspace directory not found: /Users/Snake91/CursorProjects/infra-platform/jenkins/data/workspace
[2026-04-12 02:00:04] Starting Jenkins workspace cleanup...
Jenkins Workspace Cleanup
========================
Workspace directory: /Users/Snake91/CursorProjects/infra-platform/jenkins/data/workspace
Keep workspaces from last 1 days
Keep last 3 workspaces per job
Dry run: false

⚠️  PROTECTED (will NOT be deleted):
   - Docker images (all images, including :base images)
   - Pip caches (Docker BuildKit cache and host pip caches)

Error: Workspace directory not found: /Users/Snake91/CursorProjects/infra-platform/jenkins/data/workspace
[2026-04-13 02:00:01] Starting Jenkins workspace cleanup...
Jenkins Workspace Cleanup
========================
Workspace directory: /Users/Snake91/CursorProjects/infra-platform/jenkins/data/workspace
Keep workspaces from last 1 days
Keep last 3 workspaces per job
Dry run: false

⚠️  PROTECTED (will NOT be deleted):
   - Docker images (all images, including :base images)
   - Pip caches (Docker BuildKit cache and host pip caches)

Error: Workspace directory not found: /Users/Snake91/CursorProjects/infra-platform/jenkins/data/workspace
[2026-04-14 02:00:01] Starting Jenkins workspace cleanup...
Jenkins Workspace Cleanup
========================
Workspace directory: /Users/Snake91/CursorProjects/infra-platform/jenkins/data/workspace
Keep workspaces from last 1 days
Keep last 3 workspaces per job
Dry run: false

⚠️  PROTECTED (will NOT be deleted):
   - Docker images (all images, including :base images)
   - Pip caches (Docker BuildKit cache and host pip caches)

Error: Workspace directory not found: /Users/Snake91/CursorProjects/infra-platform/jenkins/data/workspace
[2026-04-15 02:10:30] Starting Jenkins workspace cleanup...
Jenkins Workspace Cleanup
========================
Workspace directory: /Users/Snake91/CursorProjects/infra-platform/jenkins/data/workspace
Keep workspaces from last 1 days
Keep last 3 workspaces per job
Dry run: false

⚠️  PROTECTED (will NOT be deleted):
   - Docker images (all images, including :base images)
   - Pip caches (Docker BuildKit cache and host pip caches)

Error: Workspace directory not found: /Users/Snake91/CursorProjects/infra-platform/jenkins/data/workspace
[2026-04-16 02:11:29] Starting Jenkins workspace cleanup...
Jenkins Workspace Cleanup
========================
Workspace directory: /Users/Snake91/CursorProjects/infra-platform/jenkins/data/workspace
Keep workspaces from last 1 days
Keep last 3 workspaces per job
Dry run: false

⚠️  PROTECTED (will NOT be deleted):
   - Docker images (all images, including :base images)
   - Pip caches (Docker BuildKit cache and host pip caches)

Error: Workspace directory not found: /Users/Snake91/CursorProjects/infra-platform/jenkins/data/workspace
[2026-04-17 02:00:00] Starting Jenkins workspace cleanup...
Jenkins Workspace Cleanup
========================
Workspace directory: /Users/Snake91/CursorProjects/infra-platform/jenkins/data/workspace
Keep workspaces from last 1 days
Keep last 3 workspaces per job
Dry run: false

⚠️  PROTECTED (will NOT be deleted):
   - Docker images (all images, including :base images)
   - Pip caches (Docker BuildKit cache and host pip caches)

Error: Workspace directory not found: /Users/Snake91/CursorProjects/infra-platform/jenkins/data/workspace
[2026-04-18 02:00:05] Starting Jenkins workspace cleanup...
Jenkins Workspace Cleanup
========================
Workspace directory: /Users/Snake91/CursorProjects/infra-platform/jenkins/data/workspace
Keep workspaces from last 1 days
Keep last 3 workspaces per job
Dry run: false

⚠️  PROTECTED (will NOT be deleted):
   - Docker images (all images, including :base images)
   - Pip caches (Docker BuildKit cache and host pip caches)

Error: Workspace directory not found: /Users/Snake91/CursorProjects/infra-platform/jenkins/data/workspace
[2026-04-19 02:00:05] Starting Jenkins workspace cleanup...
Jenkins Workspace Cleanup
========================
Workspace directory: /Users/Snake91/CursorProjects/infra-platform/jenkins/data/workspace
Keep workspaces from last 1 days
Keep last 3 workspaces per job
Dry run: false

⚠️  PROTECTED (will NOT be deleted):
   - Docker images (all images, including :base images)
   - Pip caches (Docker BuildKit cache and host pip caches)

Error: Workspace directory not found: /Users/Snake91/CursorProjects/infra-platform/jenkins/data/workspace
[2026-04-20 02:00:02] Starting Jenkins workspace cleanup...
Jenkins Workspace Cleanup
========================
Workspace directory: /Users/Snake91/CursorProjects/infra-platform/jenkins/data/workspace
Keep workspaces from last 1 days
Keep last 3 workspaces per job
Dry run: false

⚠️  PROTECTED (will NOT be deleted):
   - Docker images (all images, including :base images)
   - Pip caches (Docker BuildKit cache and host pip caches)

Error: Workspace directory not found: /Users/Snake91/CursorProjects/infra-platform/jenkins/data/workspace
[2026-04-21 02:00:01] Starting Jenkins workspace cleanup...
Jenkins Workspace Cleanup
========================
Workspace directory: /Users/Snake91/CursorProjects/infra-platform/jenkins/data/workspace
Keep workspaces from last 1 days
Keep last 3 workspaces per job
Dry run: false

⚠️  PROTECTED (will NOT be deleted):
   - Docker images (all images, including :base images)
   - Pip caches (Docker BuildKit cache and host pip caches)

Error: Workspace directory not found: /Users/Snake91/CursorProjects/infra-platform/jenkins/data/workspace
[2026-04-22 02:00:00] Starting Jenkins workspace cleanup...
Jenkins Workspace Cleanup
========================
Workspace directory: /Users/Snake91/CursorProjects/infra-platform/jenkins/data/workspace
Keep workspaces from last 1 days
Keep last 3 workspaces per job
Dry run: false

⚠️  PROTECTED (will NOT be deleted):
   - Docker images (all images, including :base images)
   - Pip caches (Docker BuildKit cache and host pip caches)

Error: Workspace directory not found: /Users/Snake91/CursorProjects/infra-platform/jenkins/data/workspace
[2026-04-23 02:00:00] Starting Jenkins workspace cleanup...
Jenkins Workspace Cleanup
========================
Workspace directory: /Users/Snake91/CursorProjects/infra-platform/jenkins/data/workspace
Keep workspaces from last 1 days
Keep last 3 workspaces per job
Dry run: false

⚠️  PROTECTED (will NOT be deleted):
   - Docker images (all images, including :base images)
   - Pip caches (Docker BuildKit cache and host pip caches)

Error: Workspace directory not found: /Users/Snake91/CursorProjects/infra-platform/jenkins/data/workspace
[2026-04-24 02:03:24] Starting Jenkins workspace cleanup...
Jenkins Workspace Cleanup
========================
Workspace directory: /Users/Snake91/CursorProjects/infra-platform/jenkins/data/workspace
Keep workspaces from last 1 days
Keep last 3 workspaces per job
Dry run: false

⚠️  PROTECTED (will NOT be deleted):
   - Docker images (all images, including :base images)
   - Pip caches (Docker BuildKit cache and host pip caches)

Error: Workspace directory not found: /Users/Snake91/CursorProjects/infra-platform/jenkins/data/workspace
[2026-04-25 02:00:04] Starting Jenkins workspace cleanup...
Jenkins Workspace Cleanup
========================
Workspace directory: /Users/Snake91/CursorProjects/infra-platform/jenkins/data/workspace
Keep workspaces from last 1 days
Keep last 3 workspaces per job
Dry run: false

⚠️  PROTECTED (will NOT be deleted):
   - Docker images (all images, including :base images)
   - Pip caches (Docker BuildKit cache and host pip caches)

Error: Workspace directory not found: /Users/Snake91/CursorProjects/infra-platform/jenkins/data/workspace
[2026-04-26 02:06:35] Starting Jenkins workspace cleanup...
Jenkins Workspace Cleanup
========================
Workspace directory: /Users/Snake91/CursorProjects/infra-platform/jenkins/data/workspace
Keep workspaces from last 1 days
Keep last 3 workspaces per job
Dry run: false

⚠️  PROTECTED (will NOT be deleted):
   - Docker images (all images, including :base images)
   - Pip caches (Docker BuildKit cache and host pip caches)

Error: Workspace directory not found: /Users/Snake91/CursorProjects/infra-platform/jenkins/data/workspace
[2026-04-27 02:00:02] Starting Jenkins workspace cleanup...
Jenkins Workspace Cleanup
========================
Workspace directory: /Users/Snake91/CursorProjects/infra-platform/jenkins/data/workspace
Keep workspaces from last 1 days
Keep last 3 workspaces per job
Dry run: false

⚠️  PROTECTED (will NOT be deleted):
   - Docker images (all images, including :base images)
   - Pip caches (Docker BuildKit cache and host pip caches)

Error: Workspace directory not found: /Users/Snake91/CursorProjects/infra-platform/jenkins/data/workspace
