--- Copying files at Sat Jan 17 13:51:08 UTC 2026
--- Copied files finished at Sat Jan 17 13:51:08 UTC 2026
--- Copying files at Sat Jan 17 14:00:07 UTC 2026
--- Copied files finished at Sat Jan 17 14:00:07 UTC 2026
--- Copying files at Sat Jan 17 14:09:48 UTC 2026
--- Copied files finished at Sat Jan 17 14:09:49 UTC 2026
--- Copying files at Sat Jan 17 14:20:34 UTC 2026
--- Copied files finished at Sat Jan 17 14:20:34 UTC 2026
--- Copying files at Sat Jan 17 14:21:01 UTC 2026
--- Copied files finished at Sat Jan 17 14:21:01 UTC 2026
--- Copying files at Sat Jan 17 14:49:15 UTC 2026
--- Copied files finished at Sat Jan 17 14:49:15 UTC 2026
--- Copying files at Sat Jan 17 16:19:53 UTC 2026
--- Copied files finished at Sat Jan 17 16:19:53 UTC 2026
--- Copying files at Sat Jan 17 16:20:09 UTC 2026
--- Copied files finished at Sat Jan 17 16:20:09 UTC 2026
--- Copying files at Sat Jan 17 16:28:47 UTC 2026
--- Copied files finished at Sat Jan 17 16:28:47 UTC 2026
--- Copying files at Sat Jan 17 16:29:19 UTC 2026
--- Copied files finished at Sat Jan 17 16:29:19 UTC 2026
--- Copying files at Sat Jan 17 19:35:46 UTC 2026
--- Copied files finished at Sat Jan 17 19:35:46 UTC 2026
--- Copying files at Sun Jan 18 03:59:22 UTC 2026
--- Copied files finished at Sun Jan 18 03:59:22 UTC 2026
--- Copying files at Sun Jan 18 04:05:45 UTC 2026
--- Copied files finished at Sun Jan 18 04:05:45 UTC 2026
--- Copying files at Sun Jan 18 16:34:21 UTC 2026
--- Copied files finished at Sun Jan 18 16:34:21 UTC 2026
--- Copying files at Sun Jan 18 16:34:52 UTC 2026
--- Copied files finished at Sun Jan 18 16:34:52 UTC 2026
--- Copying files at Sun Jan 18 16:35:36 UTC 2026
--- Copied files finished at Sun Jan 18 16:35:36 UTC 2026
--- Copying files at Sun Jan 18 16:46:49 UTC 2026
--- Copied files finished at Sun Jan 18 16:46:50 UTC 2026
--- Copying files at Wed Jan 21 13:01:32 UTC 2026
--- Copied files finished at Wed Jan 21 13:01:32 UTC 2026
--- Copying files at Wed Jan 21 13:01:48 UTC 2026
--- Copied files finished at Wed Jan 21 13:01:48 UTC 2026
--- Copying files at Fri Jan 23 07:46:19 UTC 2026
--- Copied files finished at Fri Jan 23 07:46:19 UTC 2026
--- Copying files at Fri Jan 23 08:25:10 UTC 2026
--- Copied files finished at Fri Jan 23 08:25:10 UTC 2026
